On s'occupe du département: Ain
On s'occupe du département: Aisne
On s'occupe du département: Allier
On s'occupe du département: Alpes-de-Haute-Provence
On s'occupe du département: Hautes-Alpes
On s'occupe du département: Alpes-Maritimes
On s'occupe du département: Ardèche
On s'occupe du département: Ardennes
On s'occupe du département: Ariège
On s'occupe du département: Aube
On s'occupe du département: Aude
On s'occupe du département: Aveyron
On s'occupe du département: Bouches-du-Rhône
On s'occupe du département: Calvados
On s'occupe du département: Cantal
On s'occupe du département: Charente
On s'occupe du département: Charente-Maritime
On s'occupe du département: Cher
On s'occupe du département: Corrèze
On s'occupe du département: Côte-d'Or
On s'occupe du département: Côtes-d'Armor
On s'occupe du département: Creuse
On s'occupe du département: Dordogne
On s'occupe du département: Doubs
On s'occupe du département: Drôme
On s'occupe du département: Eure
On s'occupe du département: Eure-et-Loir
On s'occupe du département: Finistère
On s'occupe du département: Corse-du-Sud
On s'occupe du département: Haute-Corse
On s'occupe du département: Gard
On s'occupe du département: Haute-Garonne
On s'occupe du département: Gers
On s'occupe du département: Gironde
On s'occupe du département: Hérault
On s'occupe du département: Ille-et-Vilaine
On s'occupe du département: Indre
On s'occupe du département: Indre-et-Loire
On s'occupe du département: Isère
On s'occupe du département: Jura
On s'occupe du département: Landes
On s'occupe du département: Loir-et-Cher
On s'occupe du département: Loire
On s'occupe du département: Haute-Loire
On s'occupe du département: Loire-Atlantique
On s'occupe du département: Loiret
On s'occupe du département: Lot
On s'occupe du département: Lot-et-Garonne
On s'occupe du département: Lozère
On s'occupe du département: Maine-et-Loire
On s'occupe du département: Manche
On s'occupe du département: Marne
On s'occupe du département: Haute-Marne
On s'occupe du département: Mayenne
On s'occupe du département: Meurthe-et-Moselle
On s'occupe du département: Meuse
On s'occupe du département: Morbihan
On s'occupe du département: Moselle
On s'occupe du département: Nièvre
On s'occupe du département: Nord
On s'occupe du département: Oise
On s'occupe du département: Orne
On s'occupe du département: Pas-de-Calais
On s'occupe du département: Puy-de-Dôme
On s'occupe du département: Pyrénées-Atlantiques
On s'occupe du département: Hautes-Pyrénées
On s'occupe du département: Pyrénées-Orientales
On s'occupe du département: Bas-Rhin
On s'occupe du département: Haut-Rhin
On s'occupe du département: Rhône
On s'occupe du département: Haute-Saône
On s'occupe du département: Saône-et-Loire
On s'occupe du département: Sarthe
On s'occupe du département: Savoie
On s'occupe du département: Haute-Savoie
On s'occupe du département: Paris
On s'occupe du département: Seine-Maritime
On s'occupe du département: Seine-et-Marne
On s'occupe du département: Yvelines
On s'occupe du département: Deux-Sèvres
On s'occupe du département: Somme
On s'occupe du département: Tarn
On s'occupe du département: Tarn-et-Garonne
On s'occupe du département: Var
On s'occupe du département: Vaucluse
On s'occupe du département: Vendée
On s'occupe du département: Vienne
On s'occupe du département: Haute-Vienne
On s'occupe du département: Vosges
On s'occupe du département: Yonne
On s'occupe du département: Territoire de Belfort
On s'occupe du département: Essonne
On s'occupe du département: Hauts-de-Seine
On s'occupe du département: Seine-Saint-Denis
On s'occupe du département: Val-de-Marne
On s'occupe du département: Val-d'Oise
On s'occupe du département: Guadeloupe
On s'occupe du département: Martinique
On s'occupe du département: Guyane
On s'occupe du département: La Réunion
On s'occupe du département: 
On s'occupe du département: Mayotte
On s'occupe du département: 
On s'occupe du département: 
On s'occupe du département: 
On s'occupe du département: 
On s'occupe du département: 
On s'occupe du département: 
On s'occupe du département: 
On s'occupe du département: 
On s'occupe du département: 
On enregistre les données
